<?xml version="1.0" encoding="UTF-8"?>
<!-- Generated by org.testng.reporters.JUnitReportReporter -->
<testsuite hostname="INL4L4P4M2" name="com.runnerclass.TestRunnerClass" tests="1" failures="0" timestamp="24 Aug 2019 11:00:34 GMT" time="9.912" errors="0">
  <testcase name="feature" time="9.912" classname="com.runnerclass.TestRunnerClass"/>
</testsuite> <!-- com.runnerclass.TestRunnerClass -->
